# JRE version: Java(TM) SE Runtime Environment (8.0_181-b13) (build 1.8.0_181-b13)
# Java VM: Java HotSpot(TM) 64-Bit Server VM (25.181-b13 mixed mode windows-amd64 compressed oops)
Heap:
 PSYoungGen      total 70144K, used 2996K [0x00000000ec300000, 0x00000000f1500000, 0x0000000100000000)
  eden space 58880K, 5% used [0x00000000ec300000,0x00000000ec5ed300,0x00000000efc80000)
  from space 11264K, 0% used [0x00000000efc80000,0x00000000efc80000,0x00000000f0780000)
  to   space 8704K, 0% used [0x00000000f0780000,0x00000000f0780000,0x00000000f1000000)
 ParOldGen       total 40960K, used 30298K [0x00000000c4800000, 0x00000000c7000000, 0x00000000ec300000)
  object space 40960K, 73% used [0x00000000c4800000,0x00000000c6596940,0x00000000c7000000)
 Metaspace       used 20258K, capacity 21726K, committed 22016K, reserved 1069056K
  class space    used 2929K, capacity 3234K, committed 3328K, reserved 1048576K
GC Heap History (10 events):
Event: 2.025 GC heap before
{Heap before GC invocations=4 (full 0):
 PSYoungGen      total 17920K, used 17912K [0x00000000ec300000, 0x00000000ee600000, 0x0000000100000000)
  eden space 15360K, 100% used [0x00000000ec300000,0x00000000ed200000,0x00000000ed200000)
  from space 2560K, 99% used [0x00000000ed200000,0x00000000ed47e030,0x00000000ed480000)
  to   space 2560K, 0% used [0x00000000ee380000,0x00000000ee380000,0x00000000ee600000)
 ParOldGen       total 40960K, used 7691K [0x00000000c4800000, 0x00000000c7000000, 0x00000000ec300000)
  object space 40960K, 18% used [0x00000000c4800000,0x00000000c4f82cc8,0x00000000c7000000)
 Metaspace       used 16579K, capacity 17416K, committed 17536K, reserved 1064960K
  class space    used 2456K, capacity 2667K, committed 2688K, reserved 1048576K
Event: 2.037 GC heap after
Heap after GC invocations=4 (full 0):
 PSYoungGen      total 33280K, used 2552K [0x00000000ec300000, 0x00000000ee600000, 0x0000000100000000)
  eden space 30720K, 0% used [0x00000000ec300000,0x00000000ec300000,0x00000000ee100000)
  from space 2560K, 99% used [0x00000000ee380000,0x00000000ee5fe030,0x00000000ee600000)
  to   space 2560K, 0% used [0x00000000ee100000,0x00000000ee100000,0x00000000ee380000)
 ParOldGen       total 40960K, used 8883K [0x00000000c4800000, 0x00000000c7000000, 0x00000000ec300000)
  object space 40960K, 21% used [0x00000000c4800000,0x00000000c50acd18,0x00000000c7000000)
 Metaspace       used 16579K, capacity 17416K, committed 17536K, reserved 1064960K
  class space    used 2456K, capacity 2667K, committed 2688K, reserved 1048576K
}
Event: 2.408 GC heap before
{Heap before GC invocations=5 (full 0):
 PSYoungGen      total 33280K, used 33272K [0x00000000ec300000, 0x00000000ee600000, 0x0000000100000000)
  eden space 30720K, 100% used [0x00000000ec300000,0x00000000ee100000,0x00000000ee100000)
  from space 2560K, 99% used [0x00000000ee380000,0x00000000ee5fe030,0x00000000ee600000)
  to   space 2560K, 0% used [0x00000000ee100000,0x00000000ee100000,0x00000000ee380000)
 ParOldGen       total 40960K, used 8883K [0x00000000c4800000, 0x00000000c7000000, 0x00000000ec300000)
  object space 40960K, 21% used [0x00000000c4800000,0x00000000c50acd18,0x00000000c7000000)
 Metaspace       used 16798K, capacity 17662K, committed 17920K, reserved 1064960K
  class space    used 2505K, capacity 2740K, committed 2816K, reserved 1048576K
Event: 2.417 GC heap after
Heap after GC invocations=5 (full 0):
 PSYoungGen      total 33280K, used 2552K [0x00000000ec300000, 0x00000000f1000000, 0x0000000100000000)
  eden space 30720K, 0% used [0x00000000ec300000,0x00000000ec300000,0x00000000ee100000)
  from space 2560K, 99% used [0x00000000ee100000,0x00000000ee37e030,0x00000000ee380000)
  to   space 8704K, 0% used [0x00000000f0780000,0x00000000f0780000,0x00000000f1000000)
 ParOldGen       total 40960K, used 9378K [0x00000000c4800000, 0x00000000c7000000, 0x00000000ec300000)
  object space 40960K, 22% used [0x00000000c4800000,0x00000000c5128a18,0x00000000c7000000)
 Metaspace       used 16798K, capacity 17662K, committed 17920K, reserved 1064960K
  class space    used 2505K, capacity 2740K, committed 2816K, reserved 1048576K
}
Event: 2.807 GC heap before
{Heap before GC invocations=6 (full 0):
 PSYoungGen      total 33280K, used 33272K [0x00000000ec300000, 0x00000000f1000000, 0x0000000100000000)
  eden space 30720K, 100% used [0x00000000ec300000,0x00000000ee100000,0x00000000ee100000)
  from space 2560K, 99% used [0x00000000ee100000,0x00000000ee37e030,0x00000000ee380000)
  to   space 8704K, 0% used [0x00000000f0780000,0x00000000f0780000,0x00000000f1000000)
 ParOldGen       total 40960K, used 9378K [0x00000000c4800000, 0x00000000c7000000, 0x00000000ec300000)
  object space 40960K, 22% used [0x00000000c4800000,0x00000000c5128a18,0x00000000c7000000)
 Metaspace       used 18167K, capacity 19402K, committed 19712K, reserved 1067008K
  class space    used 2703K, capacity 2962K, committed 3072K, reserved 1048576K
Event: 2.820 GC heap after
Heap after GC invocations=6 (full 0):
 PSYoungGen      total 67584K, used 8675K [0x00000000ec300000, 0x00000000f1500000, 0x0000000100000000)
  eden space 58880K, 0% used [0x00000000ec300000,0x00000000ec300000,0x00000000efc80000)
  from space 8704K, 99% used [0x00000000f0780000,0x00000000f0ff8c90,0x00000000f1000000)
  to   space 11264K, 0% used [0x00000000efc80000,0x00000000efc80000,0x00000000f0780000)
 ParOldGen       total 40960K, used 11077K [0x00000000c4800000, 0x00000000c7000000, 0x00000000ec300000)
  object space 40960K, 27% used [0x00000000c4800000,0x00000000c52d1498,0x00000000c7000000)
 Metaspace       used 18167K, capacity 19402K, committed 19712K, reserved 1067008K
  class space    used 2703K, capacity 2962K, committed 3072K, reserved 1048576K
}
Event: 3.842 GC heap before
{Heap before GC invocations=7 (full 0):
 PSYoungGen      total 67584K, used 37894K [0x00000000ec300000, 0x00000000f1500000, 0x0000000100000000)
  eden space 58880K, 49% used [0x00000000ec300000,0x00000000edf88c60,0x00000000efc80000)
  from space 8704K, 99% used [0x00000000f0780000,0x00000000f0ff8c90,0x00000000f1000000)
  to   space 11264K, 0% used [0x00000000efc80000,0x00000000efc80000,0x00000000f0780000)
 ParOldGen       total 40960K, used 11077K [0x00000000c4800000, 0x00000000c7000000, 0x00000000ec300000)
  object space 40960K, 27% used [0x00000000c4800000,0x00000000c52d1498,0x00000000c7000000)
 Metaspace       used 19928K, capacity 21246K, committed 21296K, reserved 1067008K
  class space    used 2863K, capacity 3154K, committed 3200K, reserved 1048576K
Event: 3.869 GC heap after
Heap after GC invocations=7 (full 0):
 PSYoungGen      total 70144K, used 11260K [0x00000000ec300000, 0x00000000f1500000, 0x0000000100000000)
  eden space 58880K, 0% used [0x00000000ec300000,0x00000000ec300000,0x00000000efc80000)
  from space 11264K, 99% used [0x00000000efc80000,0x00000000f077f228,0x00000000f0780000)
  to   space 8704K, 0% used [0x00000000f0780000,0x00000000f0780000,0x00000000f1000000)
 ParOldGen       total 40960K, used 19848K [0x00000000c4800000, 0x00000000c7000000, 0x00000000ec300000)
  object space 40960K, 48% used [0x00000000c4800000,0x00000000c5b62038,0x00000000c7000000)
 Metaspace       used 19928K, capacity 21246K, committed 21296K, reserved 1067008K
  class space    used 2863K, capacity 3154K, committed 3200K, reserved 1048576K
}
Event: 3.869 GC heap before
{Heap before GC invocations=8 (full 1):
 PSYoungGen      total 70144K, used 11260K [0x00000000ec300000, 0x00000000f1500000, 0x0000000100000000)
  eden space 58880K, 0% used [0x00000000ec300000,0x00000000ec300000,0x00000000efc80000)
  from space 11264K, 99% used [0x00000000efc80000,0x00000000f077f228,0x00000000f0780000)
  to   space 8704K, 0% used [0x00000000f0780000,0x00000000f0780000,0x00000000f1000000)
 ParOldGen       total 40960K, used 19848K [0x00000000c4800000, 0x00000000c7000000, 0x00000000ec300000)
  object space 40960K, 48% used [0x00000000c4800000,0x00000000c5b62038,0x00000000c7000000)
 Metaspace       used 19928K, capacity 21246K, committed 21296K, reserved 1067008K
  class space    used 2863K, capacity 3154K, committed 3200K, reserved 1048576K
Event: 4.163 GC heap after
Heap after GC invocations=8 (full 1):
 PSYoungGen      total 70144K, used 0K [0x00000000ec300000, 0x00000000f1500000, 0x0000000100000000)
  eden space 58880K, 0% used [0x00000000ec300000,0x00000000ec300000,0x00000000efc80000)
  from space 11264K, 0% used [0x00000000efc80000,0x00000000efc80000,0x00000000f0780000)
  to   space 8704K, 0% used [0x00000000f0780000,0x00000000f0780000,0x00000000f1000000)
 ParOldGen       total 40960K, used 30298K [0x00000000c4800000, 0x00000000c7000000, 0x00000000ec300000)
  object space 40960K, 73% used [0x00000000c4800000,0x00000000c6596940,0x00000000c7000000)
 Metaspace       used 19928K, capacity 21246K, committed 21296K, reserved 1067008K
  class space    used 2863K, capacity 3154K, committed 3200K, reserved 1048576K
}

