# JRE version: Java(TM) SE Runtime Environment (8.0_181-b13) (build 1.8.0_181-b13)
# Java VM: Java HotSpot(TM) 64-Bit Server VM (25.181-b13 mixed mode windows-amd64 compressed oops)
Heap:
 PSYoungGen      total 70144K, used 6708K [0x00000000ec300000, 0x00000000f1600000, 0x0000000100000000)
  eden space 58368K, 11% used [0x00000000ec300000,0x00000000ec98d1d8,0x00000000efc00000)
  from space 11776K, 0% used [0x00000000efc00000,0x00000000efc00000,0x00000000f0780000)
  to   space 8704K, 0% used [0x00000000f0780000,0x00000000f0780000,0x00000000f1000000)
 ParOldGen       total 40960K, used 30284K [0x00000000c4800000, 0x00000000c7000000, 0x00000000ec300000)
  object space 40960K, 73% used [0x00000000c4800000,0x00000000c65930a8,0x00000000c7000000)
 Metaspace       used 20652K, capacity 22108K, committed 22272K, reserved 1069056K
  class space    used 2941K, capacity 3247K, committed 3328K, reserved 1048576K
GC Heap History (10 events):
Event: 1.301 GC heap before
{Heap before GC invocations=4 (full 0):
 PSYoungGen      total 17920K, used 17912K [0x00000000ec300000, 0x00000000ee600000, 0x0000000100000000)
  eden space 15360K, 100% used [0x00000000ec300000,0x00000000ed200000,0x00000000ed200000)
  from space 2560K, 99% used [0x00000000ed200000,0x00000000ed47e030,0x00000000ed480000)
  to   space 2560K, 0% used [0x00000000ee380000,0x00000000ee380000,0x00000000ee600000)
 ParOldGen       total 40960K, used 7663K [0x00000000c4800000, 0x00000000c7000000, 0x00000000ec300000)
  object space 40960K, 18% used [0x00000000c4800000,0x00000000c4f7bd28,0x00000000c7000000)
 Metaspace       used 16598K, capacity 17416K, committed 17536K, reserved 1064960K
  class space    used 2454K, capacity 2667K, committed 2688K, reserved 1048576K
Event: 1.307 GC heap after
Heap after GC invocations=4 (full 0):
 PSYoungGen      total 33280K, used 2528K [0x00000000ec300000, 0x00000000ee600000, 0x0000000100000000)
  eden space 30720K, 0% used [0x00000000ec300000,0x00000000ec300000,0x00000000ee100000)
  from space 2560K, 98% used [0x00000000ee380000,0x00000000ee5f8020,0x00000000ee600000)
  to   space 2560K, 0% used [0x00000000ee100000,0x00000000ee100000,0x00000000ee380000)
 ParOldGen       total 40960K, used 8919K [0x00000000c4800000, 0x00000000c7000000, 0x00000000ec300000)
  object space 40960K, 21% used [0x00000000c4800000,0x00000000c50b5d58,0x00000000c7000000)
 Metaspace       used 16598K, capacity 17416K, committed 17536K, reserved 1064960K
  class space    used 2454K, capacity 2667K, committed 2688K, reserved 1048576K
}
Event: 1.521 GC heap before
{Heap before GC invocations=5 (full 0):
 PSYoungGen      total 33280K, used 33248K [0x00000000ec300000, 0x00000000ee600000, 0x0000000100000000)
  eden space 30720K, 100% used [0x00000000ec300000,0x00000000ee100000,0x00000000ee100000)
  from space 2560K, 98% used [0x00000000ee380000,0x00000000ee5f8020,0x00000000ee600000)
  to   space 2560K, 0% used [0x00000000ee100000,0x00000000ee100000,0x00000000ee380000)
 ParOldGen       total 40960K, used 8919K [0x00000000c4800000, 0x00000000c7000000, 0x00000000ec300000)
  object space 40960K, 21% used [0x00000000c4800000,0x00000000c50b5d58,0x00000000c7000000)
 Metaspace       used 16813K, capacity 17726K, committed 17920K, reserved 1064960K
  class space    used 2504K, capacity 2740K, committed 2816K, reserved 1048576K
Event: 1.533 GC heap after
Heap after GC invocations=5 (full 0):
 PSYoungGen      total 33280K, used 2544K [0x00000000ec300000, 0x00000000f1000000, 0x0000000100000000)
  eden space 30720K, 0% used [0x00000000ec300000,0x00000000ec300000,0x00000000ee100000)
  from space 2560K, 99% used [0x00000000ee100000,0x00000000ee37c030,0x00000000ee380000)
  to   space 8704K, 0% used [0x00000000f0780000,0x00000000f0780000,0x00000000f1000000)
 ParOldGen       total 40960K, used 9383K [0x00000000c4800000, 0x00000000c7000000, 0x00000000ec300000)
  object space 40960K, 22% used [0x00000000c4800000,0x00000000c5129d58,0x00000000c7000000)
 Metaspace       used 16813K, capacity 17726K, committed 17920K, reserved 1064960K
  class space    used 2504K, capacity 2740K, committed 2816K, reserved 1048576K
}
Event: 1.909 GC heap before
{Heap before GC invocations=6 (full 0):
 PSYoungGen      total 33280K, used 33264K [0x00000000ec300000, 0x00000000f1000000, 0x0000000100000000)
  eden space 30720K, 100% used [0x00000000ec300000,0x00000000ee100000,0x00000000ee100000)
  from space 2560K, 99% used [0x00000000ee100000,0x00000000ee37c030,0x00000000ee380000)
  to   space 8704K, 0% used [0x00000000f0780000,0x00000000f0780000,0x00000000f1000000)
 ParOldGen       total 40960K, used 9383K [0x00000000c4800000, 0x00000000c7000000, 0x00000000ec300000)
  object space 40960K, 22% used [0x00000000c4800000,0x00000000c5129d58,0x00000000c7000000)
 Metaspace       used 18194K, capacity 19402K, committed 19712K, reserved 1067008K
  class space    used 2702K, capacity 2962K, committed 3072K, reserved 1048576K
Event: 1.923 GC heap after
Heap after GC invocations=6 (full 0):
 PSYoungGen      total 67072K, used 8679K [0x00000000ec300000, 0x00000000f1600000, 0x0000000100000000)
  eden space 58368K, 0% used [0x00000000ec300000,0x00000000ec300000,0x00000000efc00000)
  from space 8704K, 99% used [0x00000000f0780000,0x00000000f0ff9ec0,0x00000000f1000000)
  to   space 11776K, 0% used [0x00000000efc00000,0x00000000efc00000,0x00000000f0780000)
 ParOldGen       total 40960K, used 11145K [0x00000000c4800000, 0x00000000c7000000, 0x00000000ec300000)
  object space 40960K, 27% used [0x00000000c4800000,0x00000000c52e27d8,0x00000000c7000000)
 Metaspace       used 18194K, capacity 19402K, committed 19712K, reserved 1067008K
  class space    used 2702K, capacity 2962K, committed 3072K, reserved 1048576K
}
Event: 6.290 GC heap before
{Heap before GC invocations=7 (full 0):
 PSYoungGen      total 67072K, used 39276K [0x00000000ec300000, 0x00000000f1600000, 0x0000000100000000)
  eden space 58368K, 52% used [0x00000000ec300000,0x00000000ee0e1438,0x00000000efc00000)
  from space 8704K, 99% used [0x00000000f0780000,0x00000000f0ff9ec0,0x00000000f1000000)
  to   space 11776K, 0% used [0x00000000efc00000,0x00000000efc00000,0x00000000f0780000)
 ParOldGen       total 40960K, used 11145K [0x00000000c4800000, 0x00000000c7000000, 0x00000000ec300000)
  object space 40960K, 27% used [0x00000000c4800000,0x00000000c52e27d8,0x00000000c7000000)
 Metaspace       used 19913K, capacity 21246K, committed 21296K, reserved 1067008K
  class space    used 2861K, capacity 3154K, committed 3200K, reserved 1048576K
Event: 6.309 GC heap after
Heap after GC invocations=7 (full 0):
 PSYoungGen      total 70144K, used 11775K [0x00000000ec300000, 0x00000000f1600000, 0x0000000100000000)
  eden space 58368K, 0% used [0x00000000ec300000,0x00000000ec300000,0x00000000efc00000)
  from space 11776K, 99% used [0x00000000efc00000,0x00000000f077ffe8,0x00000000f0780000)
  to   space 8704K, 0% used [0x00000000f0780000,0x00000000f0780000,0x00000000f1000000)
 ParOldGen       total 40960K, used 19116K [0x00000000c4800000, 0x00000000c7000000, 0x00000000ec300000)
  object space 40960K, 46% used [0x00000000c4800000,0x00000000c5aab368,0x00000000c7000000)
 Metaspace       used 19913K, capacity 21246K, committed 21296K, reserved 1067008K
  class space    used 2861K, capacity 3154K, committed 3200K, reserved 1048576K
}
Event: 6.309 GC heap before
{Heap before GC invocations=8 (full 1):
 PSYoungGen      total 70144K, used 11775K [0x00000000ec300000, 0x00000000f1600000, 0x0000000100000000)
  eden space 58368K, 0% used [0x00000000ec300000,0x00000000ec300000,0x00000000efc00000)
  from space 11776K, 99% used [0x00000000efc00000,0x00000000f077ffe8,0x00000000f0780000)
  to   space 8704K, 0% used [0x00000000f0780000,0x00000000f0780000,0x00000000f1000000)
 ParOldGen       total 40960K, used 19116K [0x00000000c4800000, 0x00000000c7000000, 0x00000000ec300000)
  object space 40960K, 46% used [0x00000000c4800000,0x00000000c5aab368,0x00000000c7000000)
 Metaspace       used 19913K, capacity 21246K, committed 21296K, reserved 1067008K
  class space    used 2861K, capacity 3154K, committed 3200K, reserved 1048576K
Event: 6.563 GC heap after
Heap after GC invocations=8 (full 1):
 PSYoungGen      total 70144K, used 0K [0x00000000ec300000, 0x00000000f1600000, 0x0000000100000000)
  eden space 58368K, 0% used [0x00000000ec300000,0x00000000ec300000,0x00000000efc00000)
  from space 11776K, 0% used [0x00000000efc00000,0x00000000efc00000,0x00000000f0780000)
  to   space 8704K, 0% used [0x00000000f0780000,0x00000000f0780000,0x00000000f1000000)
 ParOldGen       total 40960K, used 30284K [0x00000000c4800000, 0x00000000c7000000, 0x00000000ec300000)
  object space 40960K, 73% used [0x00000000c4800000,0x00000000c65930a8,0x00000000c7000000)
 Metaspace       used 19913K, capacity 21246K, committed 21296K, reserved 1067008K
  class space    used 2861K, capacity 3154K, committed 3200K, reserved 1048576K
}

