# JRE version: Java(TM) SE Runtime Environment (8.0_181-b13) (build 1.8.0_181-b13)
# Java VM: Java HotSpot(TM) 64-Bit Server VM (25.181-b13 mixed mode windows-amd64 compressed oops)
Heap:
 PSYoungGen      total 67584K, used 1590K [0x00000000ec300000, 0x00000000f1500000, 0x0000000100000000)
  eden space 58880K, 2% used [0x00000000ec300000,0x00000000ec48d9b8,0x00000000efc80000)
  from space 8704K, 0% used [0x00000000f0780000,0x00000000f0780000,0x00000000f1000000)
  to   space 11264K, 0% used [0x00000000efc80000,0x00000000efc80000,0x00000000f0780000)
 ParOldGen       total 65536K, used 30487K [0x00000000c4800000, 0x00000000c8800000, 0x00000000ec300000)
  object space 65536K, 46% used [0x00000000c4800000,0x00000000c65c5c88,0x00000000c8800000)
 Metaspace       used 20273K, capacity 21667K, committed 21760K, reserved 1067008K
  class space    used 2925K, capacity 3235K, committed 3328K, reserved 1048576K
GC Heap History (10 events):
Event: 2.118 GC heap before
{Heap before GC invocations=5 (full 0):
 PSYoungGen      total 33280K, used 33248K [0x00000000ec300000, 0x00000000ee600000, 0x0000000100000000)
  eden space 30720K, 100% used [0x00000000ec300000,0x00000000ee100000,0x00000000ee100000)
  from space 2560K, 98% used [0x00000000ee380000,0x00000000ee5f8040,0x00000000ee600000)
  to   space 2560K, 0% used [0x00000000ee100000,0x00000000ee100000,0x00000000ee380000)
 ParOldGen       total 40960K, used 8915K [0x00000000c4800000, 0x00000000c7000000, 0x00000000ec300000)
  object space 40960K, 21% used [0x00000000c4800000,0x00000000c50b4d18,0x00000000c7000000)
 Metaspace       used 16842K, capacity 17726K, committed 17920K, reserved 1064960K
  class space    used 2502K, capacity 2740K, committed 2816K, reserved 1048576K
Event: 2.129 GC heap after
Heap after GC invocations=5 (full 0):
 PSYoungGen      total 33280K, used 2528K [0x00000000ec300000, 0x00000000f1000000, 0x0000000100000000)
  eden space 30720K, 0% used [0x00000000ec300000,0x00000000ec300000,0x00000000ee100000)
  from space 2560K, 98% used [0x00000000ee100000,0x00000000ee378020,0x00000000ee380000)
  to   space 8704K, 0% used [0x00000000f0780000,0x00000000f0780000,0x00000000f1000000)
 ParOldGen       total 40960K, used 9418K [0x00000000c4800000, 0x00000000c7000000, 0x00000000ec300000)
  object space 40960K, 22% used [0x00000000c4800000,0x00000000c5132a58,0x00000000c7000000)
 Metaspace       used 16842K, capacity 17726K, committed 17920K, reserved 1064960K
  class space    used 2502K, capacity 2740K, committed 2816K, reserved 1048576K
}
Event: 2.613 GC heap before
{Heap before GC invocations=6 (full 0):
 PSYoungGen      total 33280K, used 33248K [0x00000000ec300000, 0x00000000f1000000, 0x0000000100000000)
  eden space 30720K, 100% used [0x00000000ec300000,0x00000000ee100000,0x00000000ee100000)
  from space 2560K, 98% used [0x00000000ee100000,0x00000000ee378020,0x00000000ee380000)
  to   space 8704K, 0% used [0x00000000f0780000,0x00000000f0780000,0x00000000f1000000)
 ParOldGen       total 40960K, used 9418K [0x00000000c4800000, 0x00000000c7000000, 0x00000000ec300000)
  object space 40960K, 22% used [0x00000000c4800000,0x00000000c5132a58,0x00000000c7000000)
 Metaspace       used 18214K, capacity 19406K, committed 19712K, reserved 1067008K
  class space    used 2700K, capacity 2962K, committed 3072K, reserved 1048576K
Event: 2.631 GC heap after
Heap after GC invocations=6 (full 0):
 PSYoungGen      total 67584K, used 8695K [0x00000000ec300000, 0x00000000f1500000, 0x0000000100000000)
  eden space 58880K, 0% used [0x00000000ec300000,0x00000000ec300000,0x00000000efc80000)
  from space 8704K, 99% used [0x00000000f0780000,0x00000000f0ffded0,0x00000000f1000000)
  to   space 11264K, 0% used [0x00000000efc80000,0x00000000efc80000,0x00000000f0780000)
 ParOldGen       total 40960K, used 10797K [0x00000000c4800000, 0x00000000c7000000, 0x00000000ec300000)
  object space 40960K, 26% used [0x00000000c4800000,0x00000000c528b4d8,0x00000000c7000000)
 Metaspace       used 18214K, capacity 19406K, committed 19712K, reserved 1067008K
  class space    used 2700K, capacity 2962K, committed 3072K, reserved 1048576K
}
Event: 3.585 GC heap before
{Heap before GC invocations=7 (full 0):
 PSYoungGen      total 67584K, used 38356K [0x00000000ec300000, 0x00000000f1500000, 0x0000000100000000)
  eden space 58880K, 50% used [0x00000000ec300000,0x00000000edff71a8,0x00000000efc80000)
  from space 8704K, 99% used [0x00000000f0780000,0x00000000f0ffded0,0x00000000f1000000)
  to   space 11264K, 0% used [0x00000000efc80000,0x00000000efc80000,0x00000000f0780000)
 ParOldGen       total 40960K, used 10797K [0x00000000c4800000, 0x00000000c7000000, 0x00000000ec300000)
  object space 40960K, 26% used [0x00000000c4800000,0x00000000c528b4d8,0x00000000c7000000)
 Metaspace       used 19930K, capacity 21282K, committed 21552K, reserved 1067008K
  class space    used 2857K, capacity 3122K, committed 3200K, reserved 1048576K
Event: 3.616 GC heap after
Heap after GC invocations=7 (full 0):
 PSYoungGen      total 70144K, used 11244K [0x00000000ec300000, 0x00000000f1500000, 0x0000000100000000)
  eden space 58880K, 0% used [0x00000000ec300000,0x00000000ec300000,0x00000000efc80000)
  from space 11264K, 99% used [0x00000000efc80000,0x00000000f077b218,0x00000000f0780000)
  to   space 8704K, 0% used [0x00000000f0780000,0x00000000f0780000,0x00000000f1000000)
 ParOldGen       total 40960K, used 19864K [0x00000000c4800000, 0x00000000c7000000, 0x00000000ec300000)
  object space 40960K, 48% used [0x00000000c4800000,0x00000000c5b66068,0x00000000c7000000)
 Metaspace       used 19930K, capacity 21282K, committed 21552K, reserved 1067008K
  class space    used 2857K, capacity 3122K, committed 3200K, reserved 1048576K
}
Event: 4.383 GC heap before
{Heap before GC invocations=8 (full 0):
 PSYoungGen      total 70144K, used 13896K [0x00000000ec300000, 0x00000000f1500000, 0x0000000100000000)
  eden space 58880K, 4% used [0x00000000ec300000,0x00000000ec596f88,0x00000000efc80000)
  from space 11264K, 99% used [0x00000000efc80000,0x00000000f077b218,0x00000000f0780000)
  to   space 8704K, 0% used [0x00000000f0780000,0x00000000f0780000,0x00000000f1000000)
 ParOldGen       total 40960K, used 19864K [0x00000000c4800000, 0x00000000c7000000, 0x00000000ec300000)
  object space 40960K, 48% used [0x00000000c4800000,0x00000000c5b66068,0x00000000c7000000)
 Metaspace       used 20256K, capacity 21623K, committed 21628K, reserved 1067008K
  class space    used 2920K, capacity 3200K, committed 3200K, reserved 1048576K
Event: 4.400 GC heap after
Heap after GC invocations=8 (full 0):
 PSYoungGen      total 67584K, used 8460K [0x00000000ec300000, 0x00000000f1500000, 0x0000000100000000)
  eden space 58880K, 0% used [0x00000000ec300000,0x00000000ec300000,0x00000000efc80000)
  from space 8704K, 97% used [0x00000000f0780000,0x00000000f0fc3208,0x00000000f1000000)
  to   space 11264K, 0% used [0x00000000efc80000,0x00000000efc80000,0x00000000f0780000)
 ParOldGen       total 40960K, used 22926K [0x00000000c4800000, 0x00000000c7000000, 0x00000000ec300000)
  object space 40960K, 55% used [0x00000000c4800000,0x00000000c5e638a8,0x00000000c7000000)
 Metaspace       used 20256K, capacity 21623K, committed 21628K, reserved 1067008K
  class space    used 2920K, capacity 3200K, committed 3200K, reserved 1048576K
}
Event: 4.400 GC heap before
{Heap before GC invocations=9 (full 1):
 PSYoungGen      total 67584K, used 8460K [0x00000000ec300000, 0x00000000f1500000, 0x0000000100000000)
  eden space 58880K, 0% used [0x00000000ec300000,0x00000000ec300000,0x00000000efc80000)
  from space 8704K, 97% used [0x00000000f0780000,0x00000000f0fc3208,0x00000000f1000000)
  to   space 11264K, 0% used [0x00000000efc80000,0x00000000efc80000,0x00000000f0780000)
 ParOldGen       total 40960K, used 22926K [0x00000000c4800000, 0x00000000c7000000, 0x00000000ec300000)
  object space 40960K, 55% used [0x00000000c4800000,0x00000000c5e638a8,0x00000000c7000000)
 Metaspace       used 20256K, capacity 21623K, committed 21628K, reserved 1067008K
  class space    used 2920K, capacity 3200K, committed 3200K, reserved 1048576K
Event: 4.686 GC heap after
Heap after GC invocations=9 (full 1):
 PSYoungGen      total 67584K, used 0K [0x00000000ec300000, 0x00000000f1500000, 0x0000000100000000)
  eden space 58880K, 0% used [0x00000000ec300000,0x00000000ec300000,0x00000000efc80000)
  from space 8704K, 0% used [0x00000000f0780000,0x00000000f0780000,0x00000000f1000000)
  to   space 11264K, 0% used [0x00000000efc80000,0x00000000efc80000,0x00000000f0780000)
 ParOldGen       total 65536K, used 30487K [0x00000000c4800000, 0x00000000c8800000, 0x00000000ec300000)
  object space 65536K, 46% used [0x00000000c4800000,0x00000000c65c5c88,0x00000000c8800000)
 Metaspace       used 20256K, capacity 21623K, committed 21628K, reserved 1067008K
  class space    used 2920K, capacity 3200K, committed 3200K, reserved 1048576K
}

