# JRE version: Java(TM) SE Runtime Environment (8.0_181-b13) (build 1.8.0_181-b13)
# Java VM: Java HotSpot(TM) 64-Bit Server VM (25.181-b13 mixed mode windows-amd64 compressed oops)
Heap:
 PSYoungGen      total 70144K, used 5774K [0x00000000ec300000, 0x00000000f1500000, 0x0000000100000000)
  eden space 58880K, 9% used [0x00000000ec300000,0x00000000ec8a3820,0x00000000efc80000)
  from space 11264K, 0% used [0x00000000efc80000,0x00000000efc80000,0x00000000f0780000)
  to   space 8704K, 0% used [0x00000000f0780000,0x00000000f0780000,0x00000000f1000000)
 ParOldGen       total 63488K, used 30295K [0x00000000c4800000, 0x00000000c8600000, 0x00000000ec300000)
  object space 63488K, 47% used [0x00000000c4800000,0x00000000c6595d90,0x00000000c8600000)
 Metaspace       used 20530K, capacity 21940K, committed 22272K, reserved 1069056K
  class space    used 2934K, capacity 3237K, committed 3328K, reserved 1048576K
GC Heap History (10 events):
Event: 1.534 GC heap before
{Heap before GC invocations=4 (full 0):
 PSYoungGen      total 17920K, used 17912K [0x00000000ec300000, 0x00000000ee600000, 0x0000000100000000)
  eden space 15360K, 100% used [0x00000000ec300000,0x00000000ed200000,0x00000000ed200000)
  from space 2560K, 99% used [0x00000000ed200000,0x00000000ed47e030,0x00000000ed480000)
  to   space 2560K, 0% used [0x00000000ee380000,0x00000000ee380000,0x00000000ee600000)
 ParOldGen       total 40960K, used 7662K [0x00000000c4800000, 0x00000000c7000000, 0x00000000ec300000)
  object space 40960K, 18% used [0x00000000c4800000,0x00000000c4f7b910,0x00000000c7000000)
 Metaspace       used 16586K, capacity 17404K, committed 17536K, reserved 1064960K
  class space    used 2454K, capacity 2667K, committed 2688K, reserved 1048576K
Event: 1.542 GC heap after
Heap after GC invocations=4 (full 0):
 PSYoungGen      total 33280K, used 2544K [0x00000000ec300000, 0x00000000ee600000, 0x0000000100000000)
  eden space 30720K, 0% used [0x00000000ec300000,0x00000000ec300000,0x00000000ee100000)
  from space 2560K, 99% used [0x00000000ee380000,0x00000000ee5fc030,0x00000000ee600000)
  to   space 2560K, 0% used [0x00000000ee100000,0x00000000ee100000,0x00000000ee380000)
 ParOldGen       total 40960K, used 8878K [0x00000000c4800000, 0x00000000c7000000, 0x00000000ec300000)
  object space 40960K, 21% used [0x00000000c4800000,0x00000000c50ab940,0x00000000c7000000)
 Metaspace       used 16586K, capacity 17404K, committed 17536K, reserved 1064960K
  class space    used 2454K, capacity 2667K, committed 2688K, reserved 1048576K
}
Event: 1.896 GC heap before
{Heap before GC invocations=5 (full 0):
 PSYoungGen      total 33280K, used 33264K [0x00000000ec300000, 0x00000000ee600000, 0x0000000100000000)
  eden space 30720K, 100% used [0x00000000ec300000,0x00000000ee100000,0x00000000ee100000)
  from space 2560K, 99% used [0x00000000ee380000,0x00000000ee5fc030,0x00000000ee600000)
  to   space 2560K, 0% used [0x00000000ee100000,0x00000000ee100000,0x00000000ee380000)
 ParOldGen       total 40960K, used 8878K [0x00000000c4800000, 0x00000000c7000000, 0x00000000ec300000)
  object space 40960K, 21% used [0x00000000c4800000,0x00000000c50ab940,0x00000000c7000000)
 Metaspace       used 16808K, capacity 17714K, committed 17920K, reserved 1064960K
  class space    used 2503K, capacity 2740K, committed 2816K, reserved 1048576K
Event: 1.906 GC heap after
Heap after GC invocations=5 (full 0):
 PSYoungGen      total 33280K, used 2528K [0x00000000ec300000, 0x00000000f1000000, 0x0000000100000000)
  eden space 30720K, 0% used [0x00000000ec300000,0x00000000ec300000,0x00000000ee100000)
  from space 2560K, 98% used [0x00000000ee100000,0x00000000ee378020,0x00000000ee380000)
  to   space 8704K, 0% used [0x00000000f0780000,0x00000000f0780000,0x00000000f1000000)
 ParOldGen       total 40960K, used 9389K [0x00000000c4800000, 0x00000000c7000000, 0x00000000ec300000)
  object space 40960K, 22% used [0x00000000c4800000,0x00000000c512b640,0x00000000c7000000)
 Metaspace       used 16808K, capacity 17714K, committed 17920K, reserved 1064960K
  class space    used 2503K, capacity 2740K, committed 2816K, reserved 1048576K
}
Event: 2.366 GC heap before
{Heap before GC invocations=6 (full 0):
 PSYoungGen      total 33280K, used 33248K [0x00000000ec300000, 0x00000000f1000000, 0x0000000100000000)
  eden space 30720K, 100% used [0x00000000ec300000,0x00000000ee100000,0x00000000ee100000)
  from space 2560K, 98% used [0x00000000ee100000,0x00000000ee378020,0x00000000ee380000)
  to   space 8704K, 0% used [0x00000000f0780000,0x00000000f0780000,0x00000000f1000000)
 ParOldGen       total 40960K, used 9389K [0x00000000c4800000, 0x00000000c7000000, 0x00000000ec300000)
  object space 40960K, 22% used [0x00000000c4800000,0x00000000c512b640,0x00000000c7000000)
 Metaspace       used 18172K, capacity 19390K, committed 19712K, reserved 1067008K
  class space    used 2701K, capacity 2962K, committed 3072K, reserved 1048576K
Event: 2.423 GC heap after
Heap after GC invocations=6 (full 0):
 PSYoungGen      total 67584K, used 8682K [0x00000000ec300000, 0x00000000f1500000, 0x0000000100000000)
  eden space 58880K, 0% used [0x00000000ec300000,0x00000000ec300000,0x00000000efc80000)
  from space 8704K, 99% used [0x00000000f0780000,0x00000000f0ffaa28,0x00000000f1000000)
  to   space 11264K, 0% used [0x00000000efc80000,0x00000000efc80000,0x00000000f0780000)
 ParOldGen       total 40960K, used 10816K [0x00000000c4800000, 0x00000000c7000000, 0x00000000ec300000)
  object space 40960K, 26% used [0x00000000c4800000,0x00000000c52900c0,0x00000000c7000000)
 Metaspace       used 18172K, capacity 19390K, committed 19712K, reserved 1067008K
  class space    used 2701K, capacity 2962K, committed 3072K, reserved 1048576K
}
Event: 4.912 GC heap before
{Heap before GC invocations=7 (full 0):
 PSYoungGen      total 67584K, used 38316K [0x00000000ec300000, 0x00000000f1500000, 0x0000000100000000)
  eden space 58880K, 50% used [0x00000000ec300000,0x00000000edff0958,0x00000000efc80000)
  from space 8704K, 99% used [0x00000000f0780000,0x00000000f0ffaa28,0x00000000f1000000)
  to   space 11264K, 0% used [0x00000000efc80000,0x00000000efc80000,0x00000000f0780000)
 ParOldGen       total 40960K, used 10816K [0x00000000c4800000, 0x00000000c7000000, 0x00000000ec300000)
  object space 40960K, 26% used [0x00000000c4800000,0x00000000c52900c0,0x00000000c7000000)
 Metaspace       used 19922K, capacity 21202K, committed 21296K, reserved 1067008K
  class space    used 2862K, capacity 3122K, committed 3200K, reserved 1048576K
Event: 4.933 GC heap after
Heap after GC invocations=7 (full 0):
 PSYoungGen      total 70144K, used 11260K [0x00000000ec300000, 0x00000000f1500000, 0x0000000100000000)
  eden space 58880K, 0% used [0x00000000ec300000,0x00000000ec300000,0x00000000efc80000)
  from space 11264K, 99% used [0x00000000efc80000,0x00000000f077f228,0x00000000f0780000)
  to   space 8704K, 0% used [0x00000000f0780000,0x00000000f0780000,0x00000000f1000000)
 ParOldGen       total 40960K, used 19667K [0x00000000c4800000, 0x00000000c7000000, 0x00000000ec300000)
  object space 40960K, 48% used [0x00000000c4800000,0x00000000c5b34c50,0x00000000c7000000)
 Metaspace       used 19922K, capacity 21202K, committed 21296K, reserved 1067008K
  class space    used 2862K, capacity 3122K, committed 3200K, reserved 1048576K
}
Event: 4.933 GC heap before
{Heap before GC invocations=8 (full 1):
 PSYoungGen      total 70144K, used 11260K [0x00000000ec300000, 0x00000000f1500000, 0x0000000100000000)
  eden space 58880K, 0% used [0x00000000ec300000,0x00000000ec300000,0x00000000efc80000)
  from space 11264K, 99% used [0x00000000efc80000,0x00000000f077f228,0x00000000f0780000)
  to   space 8704K, 0% used [0x00000000f0780000,0x00000000f0780000,0x00000000f1000000)
 ParOldGen       total 40960K, used 19667K [0x00000000c4800000, 0x00000000c7000000, 0x00000000ec300000)
  object space 40960K, 48% used [0x00000000c4800000,0x00000000c5b34c50,0x00000000c7000000)
 Metaspace       used 19922K, capacity 21202K, committed 21296K, reserved 1067008K
  class space    used 2862K, capacity 3122K, committed 3200K, reserved 1048576K
Event: 5.191 GC heap after
Heap after GC invocations=8 (full 1):
 PSYoungGen      total 70144K, used 0K [0x00000000ec300000, 0x00000000f1500000, 0x0000000100000000)
  eden space 58880K, 0% used [0x00000000ec300000,0x00000000ec300000,0x00000000efc80000)
  from space 11264K, 0% used [0x00000000efc80000,0x00000000efc80000,0x00000000f0780000)
  to   space 8704K, 0% used [0x00000000f0780000,0x00000000f0780000,0x00000000f1000000)
 ParOldGen       total 63488K, used 30295K [0x00000000c4800000, 0x00000000c8600000, 0x00000000ec300000)
  object space 63488K, 47% used [0x00000000c4800000,0x00000000c6595d90,0x00000000c8600000)
 Metaspace       used 19922K, capacity 21202K, committed 21296K, reserved 1067008K
  class space    used 2862K, capacity 3122K, committed 3200K, reserved 1048576K
}

